  BMFontUI.cpp
C:\Users\Mr_K\Desktop\DirectX12\DirectX12MiniEngine\BMFontUI.cpp(56,33): warning C4267: '=': 'size_t'에서 'int'(으)로 변환하면서 데이터가 손실될 수 있습니다.
C:\Users\Mr_K\Desktop\DirectX12\DirectX12MiniEngine\BMFontUI.cpp(61,32): warning C4267: '=': 'size_t'에서 'int'(으)로 변환하면서 데이터가 손실될 수 있습니다.
C:\Users\Mr_K\Desktop\DirectX12\DirectX12MiniEngine\BMFontUI.cpp(67,32): warning C4267: '=': 'size_t'에서 'int'(으)로 변환하면서 데이터가 손실될 수 있습니다.
C:\Users\Mr_K\Desktop\DirectX12\DirectX12MiniEngine\BMFontUI.cpp(70,32): warning C4267: '=': 'size_t'에서 'int'(으)로 변환하면서 데이터가 손실될 수 있습니다.
C:\Users\Mr_K\Desktop\DirectX12\DirectX12MiniEngine\BMFontUI.cpp(74,32): warning C4267: '=': 'size_t'에서 'int'(으)로 변환하면서 데이터가 손실될 수 있습니다.
C:\Users\Mr_K\Desktop\DirectX12\DirectX12MiniEngine\BMFontUI.cpp(78,32): warning C4267: '=': 'size_t'에서 'int'(으)로 변환하면서 데이터가 손실될 수 있습니다.
C:\Users\Mr_K\Desktop\DirectX12\DirectX12MiniEngine\BMFontUI.cpp(87,32): warning C4267: '=': 'size_t'에서 'int'(으)로 변환하면서 데이터가 손실될 수 있습니다.
C:\Users\Mr_K\Desktop\DirectX12\DirectX12MiniEngine\BMFontUI.cpp(92,32): warning C4267: '=': 'size_t'에서 'int'(으)로 변환하면서 데이터가 손실될 수 있습니다.
C:\Users\Mr_K\Desktop\DirectX12\DirectX12MiniEngine\BMFontUI.cpp(97,32): warning C4267: '=': 'size_t'에서 'int'(으)로 변환하면서 데이터가 손실될 수 있습니다.
C:\Users\Mr_K\Desktop\DirectX12\DirectX12MiniEngine\BMFontUI.cpp(102,32): warning C4267: '=': 'size_t'에서 'int'(으)로 변환하면서 데이터가 손실될 수 있습니다.
C:\Users\Mr_K\Desktop\DirectX12\DirectX12MiniEngine\BMFontUI.cpp(109,33): warning C4267: '=': 'size_t'에서 'int'(으)로 변환하면서 데이터가 손실될 수 있습니다.
C:\Users\Mr_K\Desktop\DirectX12\DirectX12MiniEngine\BMFontUI.cpp(114,32): warning C4267: '=': 'size_t'에서 'int'(으)로 변환하면서 데이터가 손실될 수 있습니다.
C:\Users\Mr_K\Desktop\DirectX12\DirectX12MiniEngine\BMFontUI.cpp(124,33): warning C4267: '=': 'size_t'에서 'int'(으)로 변환하면서 데이터가 손실될 수 있습니다.
C:\Users\Mr_K\Desktop\DirectX12\DirectX12MiniEngine\BMFontUI.cpp(128,33): warning C4267: '=': 'size_t'에서 'int'(으)로 변환하면서 데이터가 손실될 수 있습니다.
C:\Users\Mr_K\Desktop\DirectX12\DirectX12MiniEngine\BMFontUI.cpp(132,33): warning C4267: '=': 'size_t'에서 'int'(으)로 변환하면서 데이터가 손실될 수 있습니다.
C:\Users\Mr_K\Desktop\DirectX12\DirectX12MiniEngine\BMFontUI.cpp(136,33): warning C4267: '=': 'size_t'에서 'int'(으)로 변환하면서 데이터가 손실될 수 있습니다.
C:\Users\Mr_K\Desktop\DirectX12\DirectX12MiniEngine\BMFontUI.cpp(142,33): warning C4267: '=': 'size_t'에서 'int'(으)로 변환하면서 데이터가 손실될 수 있습니다.
C:\Users\Mr_K\Desktop\DirectX12\DirectX12MiniEngine\BMFontUI.cpp(148,33): warning C4267: '=': 'size_t'에서 'int'(으)로 변환하면서 데이터가 손실될 수 있습니다.
C:\Users\Mr_K\Desktop\DirectX12\DirectX12MiniEngine\BMFontUI.cpp(152,33): warning C4267: '=': 'size_t'에서 'int'(으)로 변환하면서 데이터가 손실될 수 있습니다.
C:\Users\Mr_K\Desktop\DirectX12\DirectX12MiniEngine\BMFontUI.cpp(156,33): warning C4267: '=': 'size_t'에서 'int'(으)로 변환하면서 데이터가 손실될 수 있습니다.
C:\Users\Mr_K\Desktop\DirectX12\DirectX12MiniEngine\BMFontUI.cpp(160,33): warning C4267: '=': 'size_t'에서 'int'(으)로 변환하면서 데이터가 손실될 수 있습니다.
C:\Users\Mr_K\Desktop\DirectX12\DirectX12MiniEngine\BMFontUI.cpp(161,31): warning C4244: '=': 'int'에서 'float'(으)로 변환하면서 데이터가 손실될 수 있습니다.
C:\Users\Mr_K\Desktop\DirectX12\DirectX12MiniEngine\BMFontUI.cpp(164,33): warning C4267: '=': 'size_t'에서 'int'(으)로 변환하면서 데이터가 손실될 수 있습니다.
C:\Users\Mr_K\Desktop\DirectX12\DirectX12MiniEngine\BMFontUI.cpp(165,34): warning C4244: '=': 'int'에서 'float'(으)로 변환하면서 데이터가 손실될 수 있습니다.
C:\Users\Mr_K\Desktop\DirectX12\DirectX12MiniEngine\BMFontUI.cpp(170,32): warning C4267: '=': 'size_t'에서 'int'(으)로 변환하면서 데이터가 손실될 수 있습니다.
C:\Users\Mr_K\Desktop\DirectX12\DirectX12MiniEngine\BMFontUI.cpp(179,33): warning C4267: '=': 'size_t'에서 'int'(으)로 변환하면서 데이터가 손실될 수 있습니다.
C:\Users\Mr_K\Desktop\DirectX12\DirectX12MiniEngine\BMFontUI.cpp(183,33): warning C4267: '=': 'size_t'에서 'int'(으)로 변환하면서 데이터가 손실될 수 있습니다.
C:\Users\Mr_K\Desktop\DirectX12\DirectX12MiniEngine\BMFontUI.cpp(187,33): warning C4267: '=': 'size_t'에서 'int'(으)로 변환하면서 데이터가 손실될 수 있습니다.
  DirectX12Base.cpp
  DirectX12EnginePipline.cpp
  DirectX12UI.cpp
  GameTimer.cpp
  Main.cpp
  WinAPI.cpp
  코드를 생성하고 있습니다...
  DirectX12MiniEngine.vcxproj -> C:\Users\Mr_K\Desktop\DirectX12\DirectX12MiniEngine\x64\Debug\DirectX12MiniEngine.exe
