c:\users\mr_k\desktop\directx12\directx12miniengine\x64\debug\vc143.pdb
c:\users\mr_k\desktop\directx12\directx12miniengine\x64\debug\vc143.idb
c:\users\mr_k\desktop\directx12\directx12miniengine\x64\debug\winapi.obj
c:\users\mr_k\desktop\directx12\directx12miniengine\x64\debug\main.obj
c:\users\mr_k\desktop\directx12\directx12miniengine\x64\debug\directx12enginepipline.obj
c:\users\mr_k\desktop\directx12\directx12miniengine\x64\debug\directx12base.obj
c:\users\mr_k\desktop\directx12\directx12miniengine\x64\debug\gametimer.obj
c:\users\mr_k\desktop\directx12\directx12miniengine\x64\debug\shaders.cso
c:\users\mr_k\desktop\directx12\directx12miniengine\x64\debug\directx12miniengine.exe
c:\users\mr_k\desktop\directx12\directx12miniengine\x64\debug\directx12miniengine.ilk
c:\users\mr_k\desktop\directx12\directx12miniengine\x64\debug\directx12miniengine.pdb
c:\users\mr_k\desktop\directx12\directx12miniengine\x64\debug\directx1.9a1cc520.tlog\cl.command.1.tlog
c:\users\mr_k\desktop\directx12\directx12miniengine\x64\debug\directx1.9a1cc520.tlog\cl.read.1.tlog
c:\users\mr_k\desktop\directx12\directx12miniengine\x64\debug\directx1.9a1cc520.tlog\cl.write.1.tlog
c:\users\mr_k\desktop\directx12\directx12miniengine\x64\debug\directx1.9a1cc520.tlog\fxc.command.1.tlog
c:\users\mr_k\desktop\directx12\directx12miniengine\x64\debug\directx1.9a1cc520.tlog\fxc.read.1.tlog
c:\users\mr_k\desktop\directx12\directx12miniengine\x64\debug\directx1.9a1cc520.tlog\fxc.write.1.tlog
c:\users\mr_k\desktop\directx12\directx12miniengine\x64\debug\directx1.9a1cc520.tlog\link.command.1.tlog
c:\users\mr_k\desktop\directx12\directx12miniengine\x64\debug\directx1.9a1cc520.tlog\link.read.1.tlog
c:\users\mr_k\desktop\directx12\directx12miniengine\x64\debug\directx1.9a1cc520.tlog\link.write.1.tlog
